<?xml version="1.0" encoding="UTF-8"?>
<testng-results ignored="0" total="3" passed="2" failed="1" skipped="0">
  <reporter-output>
  </reporter-output>
  <suite started-at="2022-11-17T22:17:24 IST" name="Suite" finished-at="2022-11-17T22:17:54 IST" duration-ms="29605">
    <groups>
    </groups>
    <test started-at="2022-11-17T22:17:24 IST" name="Test" finished-at="2022-11-17T22:17:54 IST" duration-ms="29605">
      <class name="GrowTestClasses.LOGIN">
        <test-method is-config="true" signature="BeforClass(java.lang.String)[pri:0, instance:GrowTestClasses.LOGIN@6d763516]" started-at="2022-11-17T22:17:24 IST" name="BeforClass" finished-at="2022-11-17T22:17:30 IST" duration-ms="5723" status="PASS">
          <params>
            <param index="0">
              <value>
                <![CDATA[chrome]]>
              </value>
            </param>
          </params>
          <reporter-output>
          </reporter-output>
        </test-method> <!-- BeforClass -->
        <test-method is-config="true" signature="BeforMethod()[pri:0, instance:GrowTestClasses.LOGIN@6d763516]" started-at="2022-11-17T22:17:30 IST" name="BeforMethod" finished-at="2022-11-17T22:17:30 IST" duration-ms="48" status="PASS">
          <reporter-output>
          </reporter-output>
        </test-method> <!-- BeforMethod -->
        <test-method signature="LoginPage()[pri:0, instance:GrowTestClasses.LOGIN@6d763516]" started-at="2022-11-17T22:17:30 IST" name="LoginPage" finished-at="2022-11-17T22:17:31 IST" duration-ms="897" status="PASS">
          <reporter-output>
          </reporter-output>
        </test-method> <!-- LoginPage -->
        <test-method is-config="true" signature="afterMethod()[pri:0, instance:GrowTestClasses.LOGIN@6d763516]" started-at="2022-11-17T22:17:31 IST" name="afterMethod" finished-at="2022-11-17T22:17:31 IST" duration-ms="1" status="PASS">
          <reporter-output>
          </reporter-output>
        </test-method> <!-- afterMethod -->
        <test-method is-config="true" signature="afterClass()[pri:0, instance:GrowTestClasses.LOGIN@6d763516]" started-at="2022-11-17T22:17:31 IST" name="afterClass" finished-at="2022-11-17T22:17:31 IST" duration-ms="0" status="PASS">
          <reporter-output>
          </reporter-output>
        </test-method> <!-- afterClass -->
      </class> <!-- GrowTestClasses.LOGIN -->
      <class name="GrowTestClasses.FundAddToCart">
        <test-method is-config="true" signature="BeforClass(java.lang.String)[pri:0, instance:GrowTestClasses.FundAddToCart@5c5eefef]" started-at="2022-11-17T22:17:31 IST" name="BeforClass" finished-at="2022-11-17T22:17:31 IST" duration-ms="0" status="PASS">
          <params>
            <param index="0">
              <value>
                <![CDATA[chrome]]>
              </value>
            </param>
          </params>
          <reporter-output>
          </reporter-output>
        </test-method> <!-- BeforClass -->
        <test-method is-config="true" signature="BeforMethod()[pri:0, instance:GrowTestClasses.FundAddToCart@5c5eefef]" started-at="2022-11-17T22:17:31 IST" name="BeforMethod" finished-at="2022-11-17T22:17:31 IST" duration-ms="7" status="PASS">
          <reporter-output>
          </reporter-output>
        </test-method> <!-- BeforMethod -->
        <test-method signature="Cart()[pri:0, instance:GrowTestClasses.FundAddToCart@5c5eefef]" started-at="2022-11-17T22:17:31 IST" name="Cart" finished-at="2022-11-17T22:17:53 IST" duration-ms="22465" status="PASS">
          <reporter-output>
          </reporter-output>
        </test-method> <!-- Cart -->
        <test-method is-config="true" signature="afterMethod()[pri:0, instance:GrowTestClasses.FundAddToCart@5c5eefef]" started-at="2022-11-17T22:17:53 IST" name="afterMethod" finished-at="2022-11-17T22:17:53 IST" duration-ms="1" status="PASS">
          <reporter-output>
          </reporter-output>
        </test-method> <!-- afterMethod -->
        <test-method is-config="true" signature="BeforMethod()[pri:0, instance:GrowTestClasses.FundAddToCart@5c5eefef]" started-at="2022-11-17T22:17:53 IST" name="BeforMethod" finished-at="2022-11-17T22:17:53 IST" duration-ms="0" status="PASS">
          <reporter-output>
          </reporter-output>
        </test-method> <!-- BeforMethod -->
        <test-method signature="EditSIPdate()[pri:0, instance:GrowTestClasses.FundAddToCart@5c5eefef]" started-at="2022-11-17T22:17:53 IST" name="EditSIPdate" finished-at="2022-11-17T22:17:54 IST" duration-ms="392" status="FAIL">
          <exception class="org.openqa.selenium.InvalidSelectorException">
            <message>
              <![CDATA[invalid selector: Unable to locate an element with the xpath expression (//div[text()='14'] because of the following error:
SyntaxError: Failed to execute 'evaluate' on 'Document': The string '(//div[text()='14']' is not a valid XPath expression.
  (Session info: chrome=107.0.5304.107)
For documentation on this error, please visit: https://selenium.dev/exceptions/#invalid_selector_exception
Build info: version: '4.4.0', revision: 'e5c75ed026a'
System info: host: 'LAPTOP-7EPIG7D5', ip: '192.168.137.1', os.name: 'Windows 11', os.arch: 'amd64', os.version: '10.0', java.version: '18.0.1.1'
Driver info: org.openqa.selenium.chrome.ChromeDriver
Command: [120790aaccf5c3c9924de7aaec310baf, findElement {using=xpath, value=(//div[text()='14']}]
Capabilities {acceptInsecureCerts: false, browserName: chrome, browserVersion: 107.0.5304.107, chrome: {chromedriverVersion: 107.0.5304.62 (1eec40d3a576..., userDataDir: C:\Users\JIVAN\AppData\Loca...}, goog:chromeOptions: {debuggerAddress: localhost:51179}, networkConnectionEnabled: false, pageLoadStrategy: normal, platformName: WINDOWS, proxy: Proxy(), se:cdp: ws://localhost:51179/devtoo..., se:cdpVersion: 107.0.5304.107, setWindowRect: true, strictFileInteractability: false, timeouts: {implicit: 0, pageLoad: 300000, script: 30000}, unhandledPromptBehavior: dismiss and notify, webauthn:extension:credBlob: true, webauthn:extension:largeBlob: true, webauthn:virtualAuthenticators: true}
Session ID: 120790aaccf5c3c9924de7aaec310baf]]>
            </message>
            <full-stacktrace>
              <![CDATA[org.openqa.selenium.InvalidSelectorException: invalid selector: Unable to locate an element with the xpath expression (//div[text()='14'] because of the following error:
SyntaxError: Failed to execute 'evaluate' on 'Document': The string '(//div[text()='14']' is not a valid XPath expression.
  (Session info: chrome=107.0.5304.107)
For documentation on this error, please visit: https://selenium.dev/exceptions/#invalid_selector_exception
Build info: version: '4.4.0', revision: 'e5c75ed026a'
System info: host: 'LAPTOP-7EPIG7D5', ip: '192.168.137.1', os.name: 'Windows 11', os.arch: 'amd64', os.version: '10.0', java.version: '18.0.1.1'
Driver info: org.openqa.selenium.chrome.ChromeDriver
Command: [120790aaccf5c3c9924de7aaec310baf, findElement {using=xpath, value=(//div[text()='14']}]
Capabilities {acceptInsecureCerts: false, browserName: chrome, browserVersion: 107.0.5304.107, chrome: {chromedriverVersion: 107.0.5304.62 (1eec40d3a576..., userDataDir: C:\Users\JIVAN\AppData\Loca...}, goog:chromeOptions: {debuggerAddress: localhost:51179}, networkConnectionEnabled: false, pageLoadStrategy: normal, platformName: WINDOWS, proxy: Proxy(), se:cdp: ws://localhost:51179/devtoo..., se:cdpVersion: 107.0.5304.107, setWindowRect: true, strictFileInteractability: false, timeouts: {implicit: 0, pageLoad: 300000, script: 30000}, unhandledPromptBehavior: dismiss and notify, webauthn:extension:credBlob: true, webauthn:extension:largeBlob: true, webauthn:virtualAuthenticators: true}
Session ID: 120790aaccf5c3c9924de7aaec310baf
at java.base/jdk.internal.reflect.DirectConstructorHandleAccessor.newInstance(DirectConstructorHandleAccessor.java:67)
at java.base/java.lang.reflect.Constructor.newInstanceWithCaller(Constructor.java:499)
at java.base/java.lang.reflect.Constructor.newInstance(Constructor.java:483)
at org.openqa.selenium.remote.codec.w3c.W3CHttpResponseCodec.createException(W3CHttpResponseCodec.java:200)
at org.openqa.selenium.remote.codec.w3c.W3CHttpResponseCodec.decode(W3CHttpResponseCodec.java:133)
at org.openqa.selenium.remote.codec.w3c.W3CHttpResponseCodec.decode(W3CHttpResponseCodec.java:53)
at org.openqa.selenium.remote.HttpCommandExecutor.execute(HttpCommandExecutor.java:184)
at org.openqa.selenium.remote.service.DriverCommandExecutor.invokeExecute(DriverCommandExecutor.java:167)
at org.openqa.selenium.remote.service.DriverCommandExecutor.execute(DriverCommandExecutor.java:142)
at org.openqa.selenium.remote.RemoteWebDriver.execute(RemoteWebDriver.java:547)
at org.openqa.selenium.remote.ElementLocation$ElementFinder$2.findElement(ElementLocation.java:162)
at org.openqa.selenium.remote.ElementLocation.findElement(ElementLocation.java:60)
at org.openqa.selenium.remote.RemoteWebDriver.findElement(RemoteWebDriver.java:365)
at org.openqa.selenium.remote.RemoteWebDriver.findElement(RemoteWebDriver.java:357)
at org.openqa.selenium.support.pagefactory.DefaultElementLocator.findElement(DefaultElementLocator.java:70)
at org.openqa.selenium.support.pagefactory.internal.LocatingElementHandler.invoke(LocatingElementHandler.java:39)
at jdk.proxy2/jdk.proxy2.$Proxy19.click(Unknown Source)
at POMclassesGrow.EditSIPDate.SelectSipDate(EditSIPDate.java:36)
at GrowTestClasses.FundAddToCart.EditSIPdate(FundAddToCart.java:49)
at java.base/jdk.internal.reflect.DirectMethodHandleAccessor.invoke(DirectMethodHandleAccessor.java:104)
at java.base/java.lang.reflect.Method.invoke(Method.java:577)
at org.testng.internal.MethodInvocationHelper.invokeMethod(MethodInvocationHelper.java:133)
at org.testng.internal.TestInvoker.invokeMethod(TestInvoker.java:598)
at org.testng.internal.TestInvoker.invokeTestMethod(TestInvoker.java:173)
at org.testng.internal.MethodRunner.runInSequence(MethodRunner.java:46)
at org.testng.internal.TestInvoker$MethodInvocationAgent.invoke(TestInvoker.java:824)
at org.testng.internal.TestInvoker.invokeTestMethods(TestInvoker.java:146)
at org.testng.internal.TestMethodWorker.invokeTestMethods(TestMethodWorker.java:146)
at org.testng.internal.TestMethodWorker.run(TestMethodWorker.java:128)
at java.base/java.util.ArrayList.forEach(ArrayList.java:1511)
at org.testng.TestRunner.privateRun(TestRunner.java:794)
at org.testng.TestRunner.run(TestRunner.java:596)
at org.testng.SuiteRunner.runTest(SuiteRunner.java:377)
at org.testng.SuiteRunner.runSequentially(SuiteRunner.java:371)
at org.testng.SuiteRunner.privateRun(SuiteRunner.java:332)
at org.testng.SuiteRunner.run(SuiteRunner.java:276)
at org.testng.SuiteRunnerWorker.runSuite(SuiteRunnerWorker.java:53)
at org.testng.SuiteRunnerWorker.run(SuiteRunnerWorker.java:96)
at org.testng.TestNG.runSuitesSequentially(TestNG.java:1212)
at org.testng.TestNG.runSuitesLocally(TestNG.java:1134)
at org.testng.TestNG.runSuites(TestNG.java:1063)
at org.testng.TestNG.run(TestNG.java:1031)
at org.testng.remote.AbstractRemoteTestNG.run(AbstractRemoteTestNG.java:115)
at org.testng.remote.RemoteTestNG.initAndRun(RemoteTestNG.java:251)
at org.testng.remote.RemoteTestNG.main(RemoteTestNG.java:77)
]]>
            </full-stacktrace>
          </exception> <!-- org.openqa.selenium.InvalidSelectorException -->
          <reporter-output>
          </reporter-output>
        </test-method> <!-- EditSIPdate -->
        <test-method is-config="true" signature="afterClass()[pri:0, instance:GrowTestClasses.FundAddToCart@5c5eefef]" started-at="2022-11-17T22:17:54 IST" name="afterClass" finished-at="2022-11-17T22:17:54 IST" duration-ms="0" status="PASS">
          <reporter-output>
          </reporter-output>
        </test-method> <!-- afterClass -->
        <test-method is-config="true" signature="afterMethod()[pri:0, instance:GrowTestClasses.FundAddToCart@5c5eefef]" started-at="2022-11-17T22:17:54 IST" name="afterMethod" finished-at="2022-11-17T22:17:54 IST" duration-ms="0" status="PASS">
          <reporter-output>
          </reporter-output>
        </test-method> <!-- afterMethod -->
      </class> <!-- GrowTestClasses.FundAddToCart -->
    </test> <!-- Test -->
  </suite> <!-- Suite -->
</testng-results>
